<?xml version="1.0" encoding="UTF-8"?>
<!-- Generated by org.testng.reporters.JUnitReportReporter -->
<testsuite hostname="NODE464" name="com.project.selenium.SeleniumDemoTest" tests="1" failures="0" timestamp="11 Oct 2016 13:26:25 GMT" time="92.859" errors="0">
  <testcase name="testMacys" time="92.859" classname="com.project.selenium.SeleniumDemoTest"/>
</testsuite> <!-- com.project.selenium.SeleniumDemoTest -->
